
[the-exact-products-melanie-grant-uses-to-look-flawless]
  found 0 images on live page
  skipped — no images found

[chic-sunscreens-hats]
  found 0 images on live page
  skipped — no images found

[qure-micro-infusion-system-review]
  found 0 images on live page
  skipped — no images found

[riley-minford-the-trans-model-owning-her-beauty]
  found 0 images on live page
  skipped — no images found

[best-ai-image-generator-app-review-glam-ai]
  found 0 images on live page
  skipped — no images found

[how-to-remove-fake-tan-from-white-clothes]
  found 0 images on live page
  skipped — no images found

[sensitive-scalp-moogoo-shampoo-review]
  found 0 images on live page
  skipped — no images found

[stella-kim]
  found 0 images on live page
  skipped — no images found

✅ Done
