Fetching body images for 109 shop-window stories...

[1/109] red-light-therapy-hair-thinning
  no images on live page
[2/109] damaged-hair-repair-tips
  no images on live page
[3/109] masks-for-stressed-skin
  no images on live page
[4/109] chic-sunscreens-hats
  no images on live page
[5/109] qure-glowcase-review
  no images on live page
[6/109] louis-vuitton-makeup-review-australia
  no images on live page
[7/109] qure-micro-infusion-system-review
  no images on live page
[8/109] why-i-swapped-my-whoop-for-an-ultrahuman-ring-and-what-its-taught-me-about-stress-sleep-and-bio-age-copy
  no images on live page
[9/109] christmas-led-skincare-gift
  no images on live page
[10/109] qure-neck-decolletage-led-device
  no images on live page
[11/109] best-ai-image-generator-app-review-glam-ai
  no images on live page
[12/109] fathers-day-fragrance-gifts
  no images on live page
[13/109] sigourneys-sleep-edit
  no images on live page
[14/109] spring-wellness-reboot
  no images on live page
[15/109] how-to-bring-a-skincare-routine-approach-to-your-teeth
  no images on live page
[16/109] its-time-to-spring-clean-your-routine-with-these-wellness-inspired-buys
  no images on live page
[17/109] how-foam-rolling-can-transform-your-body-with-gwyneths-trainer-lauren-roxburgh
  no images on live page
[18/109] how-to-decadent-dairy-free-raw-hot-chocolate
  no images on live page
[19/109] a-nutritionist-on-binning-bad-lockdown-eating-habits
  no images on live page
[20/109] how-this-wellness-guru-is-navigating-isolation
  no images on live page
[21/109] the-10-wellness-apps-were-obsessed-with-right-now
  no images on live page
[22/109] why-you-should-be-paying-more-attention-to-your-microbiome
  no images on live page
[23/109] i-learned-vedic-meditation-and-this-is-how-it-changed-my-life
  no images on live page
[24/109] teresa-palmer-and-chrissy-duigan-on-their-new-supplements
  no images on live page
[25/109] lola-berry-on-ivf-trauma-cancel-culture-finding-peace-after-heartbreak
  no images on live page
[26/109] i-thought-i-wasnt-enough-terri-vinson-jones-on-body-image-anxiety-and-self-worth
  no images on live page
[27/109] jess-sepel-on-ocd-healing-from-disordered-eating-grief-and-building-jshealth-with-heart
  no images on live page
[28/109] lindsay-price-on-healing-childhood-trauma-life-with-curtis-stone-and-her-hollywood-journey
  no images on live page
[29/109] jessica-maguire-on-why-anxiety-gut-issues-and-chronic-pain-are-all-connected
  no images on live page
[30/109] miranda-kerr-on-faith-family-and-that-first-date-where-he-fell-asleep
  no images on live page
[31/109] supermodel-fitness-secrets-the-best-personal-trainers-for-models
  no images on live page
[32/109] these-are-the-comfiest-and-most-supportive-activewear-brands-2
  no images on live page
[33/109] why-vibration-training-is-my-fitness-holy-grail
  no images on live page
[34/109] the-10-best-fitness-apps-2
  no images on live page
[35/109] video-hypoxi-review-on-weight-loss-and-cellulite-sigourneys-edit
  no images on live page
[36/109] get-ready-with-rachael-finch
  no images on live page
[37/109] 11-things-fitspo-girls-never-do
  no images on live page
[38/109] post-baby-workout-what-i-wish-i-knew-the-first-time-around
  no images on live page
[39/109] how-i-stay-fit-with-rebecca-judd
  no images on live page
[40/109] how-to-pilates-for-the-ultimate-bikini-body
  no images on live page
[41/109] how-to-strengthen-your-core-with-kettlebells
  no images on live page
[42/109] 4-exercises-the-fashion-girls-swear-by
  no images on live page
[43/109] sacred-six-6-ways-im-going-to-live-longer
  no images on live page
[44/109] reve-skin-beauty-annandale
  no images on live page
[45/109] mondrian-gold-coast-review
  no images on live page
[46/109] bannisters-port-stephens-family-getaway
  no images on live page
[47/109] pool-accessories-that-changed-our-lives
  no images on live page
[48/109] lazy-girls-guide-summer-entertaining
  no images on live page
[49/109] how-sheer-curtains-can-transform-a-space
  no images on live page
[50/109] airgarden
  no images on live page
[51/109] 8-at-trinity
  no images on live page
[52/109] we-tried-period-cups-and-undies-here-are-our-honest-thoughts-2
  no images on live page
[53/109] we-tried-samsungs-latest-statement-making-tv
  no images on live page
[54/109] alisa-and-lysandra-fraser-the-interior-design-duo-on-how-to-make-your-bathroom-beautiful
  no images on live page
[55/109] how-to-create-dreamy-bedrooms
  no images on live page
[56/109] inside-the-beauticate-beauty-cupboard
  no images on live page
[57/109] these-7-things-make-entertaining-a-cinch
  no images on live page
[58/109] how-to-turn-your-home-into-a-holiday-haven-according-to-a-seasoned-pro
  no images on live page
[59/109] the-dermatologist-approved-beauty-brand-thats-doing-right-by-the-planet
  no images on live page
[60/109] trinny-woodall-podcast
  no images on live page
[61/109] susan-yara-reinvention-podcast
  no images on live page
[62/109] steffanie-ball-the-interiors-guru-with-the-most-beautiful-neutral-home
  no images on live page
[63/109] the-exact-products-melanie-grant-uses-to-look-flawless
  no images on live page
[64/109] olivia-chantecaille-born-into-beauty-now-saving-the-world
  no images on live page
[65/109] anastasia-soare-on-turning-perfect-brows-into-a-global-empire
  no images on live page
[66/109] ruth-robalino-the-hairdresser-turned-supplement-brand-founder-helping-clients-look-and-feel-their-best
  no images on live page
[67/109] trinny-schooled-me-in-cleansing
  no images on live page
[68/109] beth-levis-the-fashion-exec-bringing-her-design-eye-to-her-own-wellness-brand
  no images on live page
[69/109] alyce-tran-the-entrepreneur-who-will-persuade-you-to-bring-colour-into-your-home
  no images on live page
[70/109] hayley-hall-jayde-hall-the-sisters-and-brand-co-founders-embracing-huge-life-changes
  no images on live page
[71/109] anna-heinrich-on-quitting-law-and-finding-her-inner-entrepreneur
  no images on live page
[72/109] cece-meadows-the-colourful-makeup-brand-founder-on-beauty-as-therapy
  no images on live page
[73/109] caudalies-mathilde-thomas-on-must-visit-paris-destinations-and-the-importance-of-pleasure
  no images on live page
[74/109] jo-malone-cbe-the-queen-of-fragrance-who-loves-a-good-story
  no images on live page
[75/109] beauty-essentials-mastering-sofia-richies-signature-style-the-ultimate-guide-to-iconic-fashion-and-looks
  no images on live page
[76/109] rojin-torabi-the-lawyer-and-beauty-skinfluencer
  no images on live page
[77/109] riley-minford-the-trans-model-owning-her-beauty
  no images on live page
[78/109] laura-enever-the-pro-surfer-putting-mental-health-ahead-of-championships
  no images on live page
[79/109] bachelorette-brooke-blurton-on-choosing-real-life-over-picture-perfect
  no images on live page
[80/109] how-fashionista-rozalia-russian-learned-to-be-gentler-with-herself
  no images on live page
[81/109] hannah-english-shares-the-exact-products-she-uses-to-get-that-glow
  no images on live page
[82/109] jules-sebastian-on-why-it-matters-to-make-sure-kids-and-grown-ups-are-having-fun
  no images on live page
[83/109] hannah-english-the-scientist-and-skinfluencer-encouraging-self-awareness-and-self-acceptance
  no images on live page
[84/109] sari-ella-thaiday-the-indigenous-beauty-influencer-using-tiktok-for-good
  no images on live page
[85/109] youtube-queen-lauren-curtis-shares-her-experience-growing-up-online
  no images on live page
[86/109] jessi-and-millie-poutama-the-lgbtq-activist-couple-living-a-truly-sustainable-lifestyle
  no images on live page
[87/109] maria-thattil-miss-universe-australia-on-the-importance-of-representation-and-great-mascara
  no images on live page
[88/109] aminata-conteh-biger-the-activist-on-how-to-dial-up-the-joy-in-your-life
  no images on live page
[89/109] the-feminine-feminist-heart-surgeon-who-empowers-women-and-stockpiles-lipstick
  no images on live page
[90/109] dr-shefali-conscious-parenting-podcast
  no images on live page
[91/109] rae-morris-interview
  no images on live page
[92/109] who-jocelyn-petroni-beauty-therapist
  no images on live page
[93/109] stephanie-davies-founder-la-boheme-lifestyle
  no images on live page
[94/109] wintana-kidane-and-rahel-ephrem-are-celebrating-wearing-their-hair-how-they-want
  no images on live page
[95/109] sacred-six-on-on-stress-sanity-and-sacred-rituals
  no images on live page
[96/109] dr-sarah-jane-on-trauma-transformation-and-trusting-the-body
  no images on live page
[97/109] alexa-roetger-on-skin-self-worth-and-starting-over
  no images on live page
[98/109] sacred-six-on-escape-intention-and-the-spas-that-shape-us
  no images on live page
[99/109] guy-sebastian-on-identity-inner-circles-and-rebuilding-self-worth
  no images on live page
[100/109] tanya-ali-jalani-on-awakening-mental-health-and-the-human-side-of-healing
  no images on live page
[101/109] david-the-medium-on-intuition-healing-and-life-after-death
  no images on live page
[102/109] olivia-arezzolo-interview
  no images on live page
[103/109] mukti-organics-founder-on-trauma-truth-and-building-a-beauty-brand-with-purpose
  no images on live page
[104/109] gabby-bernstein-on-manifesting-with-compassion-healing-shame-living-the-dream-3
  no images on live page
[105/109] jane-wurwand-on-overcoming-adversity-finding-purpose-building-a-billion-dollar-brand
  no images on live page
[106/109] the-truth-about-alcohol-addiction-mental-health-davinia-taylor-speaks-out-2
  no images on live page
[107/109] the-truth-about-alcohol-addiction-mental-health-davinia-taylor-speaks-out
  no images on live page
[108/109] sacred-six-6-things-from-india-that-changed-my-life
  no images on live page
[109/109] journey-through-motherhood-mental-health-and-lifes-curveballs
  no images on live page

✅ Done
  Body images added:   0
  No imgs on WP:       109
  Download failures:   0
  Missing list saved:  /tmp/sw-missing-images.json (109 articles)
 imgs on WP:       109
  Download failures:   0
  Missing list saved:  /tmp/sw-missing-images.json (109 articles)
