Fetching body images for 109 shop-window stories (using full URL paths)...

[1/109] red-light-therapy-hair-thinning
  found 10 images
    ✗ lazy_placeholder.gif (tiny)
    ✓ website-feature-images-dec-9.gif (ok)
    ✓ website-feature-images-dec-11.png (ok)
    ✓ website-portrait-16.gif (ok)
    ✓ website-feature-images-dec-10.gif (ok)
    ✓ website-feature-images-dec-10.png (ok)
    ✓ website-feature-images-dec-11.gif (ok)
    ✓ website-portrait-17.gif (ok)
    ✓ website-feature-images-dec-9-1.png (ok)
    ✓ website-portrait-1.png (ok)
  inserted 9 image refs
[2/109] damaged-hair-repair-tips
  found 10 images
    ✓ copy-of-website-feature-images-6.jpg (ok)
    ✗ lazy_placeholder.gif (tiny)
    ✓ ethos-black-ranijihoo3xuwsh1n6w0cy5yx1hnag0cb6zowyamxg.webp (ok)
    ✓ 51rmv-svvhl._uf10001000_ql80_-re76opurs1ut3cubf7gpjw1zli9uoyiss4bkh9bgd0.jpg (ok)
    ✓ gt-103373-518x478-1-re76p30ifqctlwb7ad5hisqfwwgzopz1hxgd74rxxw.jpg (ok)
    ✓ 905884-re76pcewc2potzxjrh7r7qd1ur6ntp0cv7z7zwe07o.jpg (ok)
    ✓ s-l400.jpg (ok)
    ✗ website-feature-images-dec-9-ricp238h47f0bb0sjbrbe4ntzm1eyxc33j9j05pvcw.gif (fail)
    ✓ 2-1.jpg (ok)
    ✓ holding.png (ok)
  inserted 8 image refs
[3/109] masks-for-stressed-skin
  found 10 images
    ✓ juliquemask1-scaled.jpg (ok)
    ✓ jurliquemask-holding-2-scaled.jpg (ok)
    ✓ jurlique_masks_2.jpg (ok)
    ✓ jurlique_masks_4.jpg (ok)
    ✓ jurlique_masks_6.jpg (ok)
    ✓ jurlique_masks_1.jpg (ok)
    ✓ jurlique_masks_11-scaled.jpg (ok)
    ✓ jurlique_masks_9-scaled.jpg (ok)
    ✓ jurlique_masks_7-scaled.jpg (ok)
    ✓ holding.png (ok)
  inserted 10 image refs
[4/109] chic-sunscreens-hats
  found 10 images
    ✓ 2026-website-feature-images-3.png (ok)
    ✓ 2.png (ok)
    ✓ wordpress-portrait-images-1-scaled.png (ok)
    ✓ screenshot-2026-01-25-152400.jpg (ok)
    ✓ screenshot-2026-04-01-at-4.51.54-pm.png (ok)
    ✓ mesoprotech_water_veil_primario_textura-1.jpg (ok)
    ✓ 2507_uv_pdp_supreme_au_uk_01__2_-removebg-preview.png (ok)
    ✓ 5.png (ok)
    ✗ lazy_placeholder.gif (tiny)
    ✓ face-body-spf50-mother-spf-kalovy_aa7ebe96-e050-466e-b79f-d75b6ceab93d-removebg-preview-ri8r9ojt2ihq7a9kwg355gbka6eag4gy96xqw5trbo.png (ok)
  inserted 9 image refs
[5/109] qure-glowcase-review
  found 10 images
    ✓ website-feature-images-47.png (ok)
    ✓ website-feature-images-48.png (ok)
    ✗ lazy_placeholder.gif (tiny)
    ✓ website-feature-images-49-rev67ghjp8mtg6t7hlciyik8dgb4zwfyv2cjg40jdc.png (ok)
    ✓ website-images-36.png (ok)
    ✓ website-images-34-rev2gknaz3zjemql4adu5jwzkx4yfiymbg668o0c9c.png (ok)
    ✓ systeme-trial-photos.jpg (ok)
    ✓ 2026-website-feature-images-2.png (ok)
    ✓ juliquemask1.jpg (ok)
    ✓ 2026-website-feature-images-3.png (ok)
  inserted 9 image refs
[6/109] louis-vuitton-makeup-review-australia
  found 10 images
    ✓ website-images-31.jpg (ok)
    ✓ website-images-31.png (ok)
    ✓ la_beaute_louis_vuitton__campaign_bts_-c2-a9_louis_vuitton_malletier_1-1-1.jpg (ok)
    ✓ website-images-32.png (ok)
    ✓ 5_lv-1.jpg (ok)
    ✓ 3_lv-1-1.jpg (ok)
    ✓ 2_lv-1-1.jpg (ok)
    ✓ siglv3-1.jpg (ok)
    ✓ siglv4-1.jpg (ok)
    ✓ la_beaute_louis_vuitton_lv_baume_030_tender_bliss-1-1.jpg (ok)
  inserted 10 image refs
[7/109] qure-micro-infusion-system-review
  found 10 images
    ✓ 2026-website-feature-images-2.png (ok)
    ✓ qure-microinfusion.png (ok)
    ✗ lazy_placeholder.gif (tiny)
    ✓ website-images-20.gif (ok)
    ✓ website-images-36.png (ok)
    ✓ qure-micro.png (ok)
    ✓ qure-micro-infusion-before-yaz-scaled.png (ok)
    ✓ qure-micro-infusion-after-yaz-scaled.png (ok)
    ✓ website-feature-images-dec-9.gif (ok)
    ✓ qure-micro-infusion-before-simone-scaled.png (ok)
  inserted 9 image refs
[8/109] why-i-swapped-my-whoop-for-an-ultrahuman-ring-and-what-its-taught-me-about-stress-sleep-and-bio-age-copy
  found 10 images
    ✗ lazy_placeholder.gif (tiny)
    ✓ copy-of-website-feature-images-23.gif (ok)
    ✓ img_8863-scaled-re2fppyn56pv401xeg9cjxe34fxqvw0v74o3gu8dbm.jpg (ok)
    ✓ img_8871-scaled-re2fxtclztp77ewvjhgtpgwevcq9p9arewk5kmfqq0.jpg (ok)
    ✓ img_8872-scaled-re2g1zqsdbf2t0uf5ah4sey5x04zwtvtbkxucw8r2g.jpg (ok)
    ✓ img_8881-scaled-re2g5ym984untr2vz08fbew87kksetn0j83naycwso.jpg (ok)
    ✓ 2026-website-feature-images-2-1.jpg (ok)
    ✓ holding.png (ok)
    ✓ juliquemask1.jpg (ok)
    ✓ systeme-trial-photos.jpg (ok)
  inserted 9 image refs
[9/109] christmas-led-skincare-gift
  found 10 images
    ✗ lazy_placeholder.gif (tiny)
    ✓ copy-of-website-feature-images-24.gif (ok)
    ✓ untitled-design-45-rg88c8pcmfxlzy6bd8imkmjo08pvq8qxeq61pm5ic0.webp (ok)
    ✓ website-images-26-rbaolwcswh685ko0fqdthnfr9zvndde9lvcvbn6v4g.png (ok)
    ✓ website-images-35-rev2wf7c7jol5xptkn0dp1xs5t0r7svotw5wjmidcg.png (ok)
    ✓ copy-of-website-feature-images-19-rg891zi7t36bzgs31d4rv4o5q5tsjsy9m5eswfzbww.png (ok)
    ✓ 2026-website-feature-images-2.png (ok)
    ✓ systeme-trial-photos.jpg (ok)
    ✓ juliquemask1.jpg (ok)
    ✓ 2026-website-feature-images-3.png (ok)
  inserted 9 image refs
[10/109] qure-neck-decolletage-led-device
  found 10 images
    ✓ website-images-29.png (ok)
    ✗ lazy_placeholder.gif (tiny)
    ✓ 2-1-rbaoda6295dlq96kr0axmtpn8ucit96uf82mybys5s.png (ok)
    ✓ website-images-26-rbaolwcswh685ko0fqdthnfr9zvndde9lvcvbn6v4g.png (ok)
    ✓ website-images-27-rbaoro34uv2lfea9qq6dap0mk5frmhay2fj6dsmuxc.png (ok)
    ✓ website-images-28-rbaoz23gkz6qp1jvlf5sebw2o70n4tmzf05l73og0g.png (ok)
    ✓ juliquemask1.jpg (ok)
    ✓ systeme-trial-photos.jpg (ok)
    ✓ 2026-website-feature-images-2-1.jpg (ok)
    ✓ holding.png (ok)
  inserted 9 image refs
[11/109] best-ai-image-generator-app-review-glam-ai
  found 10 images
    ✗ lazy_placeholder.gif (tiny)
    ✓ copy-of-website-feature-images-3.gif (ok)
    ✓ this-isnt-really-me-but-its-what-ai-thinks-i-should-be5-re70ppa91mw1mqcvr8j1lekdniofkan5xrc627fua8.jpg (ok)
    ✓ this-isnt-really-me-but-its-what-ai-thinks-i-should-be3-re70olt12le033y85rgpooj0pc30l0afsbxrwl2djk.jpg (ok)
    ✓ untitled-design-38-re70u36wetiaoixy9eub7pbdnhmic5coqaa1vibwf4.png (ok)
    ✓ this-isnt-really-me-but-its-what-ai-thinks-i-should-be6-re70mtvrmvkl0xhin9w0yj98idegwajb2cx2gl3cgw.jpeg (ok)
    ✓ this-isnt-really-me-but-its-what-ai-thinks-i-should-be7-re70m3kabikjzujqwyih0pwbvl06wrmtmqnh0u6db4.jpeg (ok)
    ✓ this-isnt-really-me-but-its-what-ai-thinks-i-should-be2-re70o3y3gqpjyio621qsvb19f0j1irbjdvjjsbsuts.jpg (ok)
    ✓ 2-1.jpg (ok)
    ✓ holding.png (ok)
  inserted 9 image refs
[12/109] fathers-day-fragrance-gifts
  found 10 images
    ✓ feature-image-for-web-1200-x-630-px.png (ok)
    ✓ fathers-day-fragrance-4.png (ok)
    ✓ fathers-day-fragrance-1.png (ok)
    ✓ fathers-day-fragrance-6.png (ok)
    ✓ fathers-day-fragrance-3.png (ok)
    ✓ fathers-day-fragrance-7.png (ok)
    ✓ 2026-website-feature-images-2.png (ok)
    ✗ website-feature-images-dec-9-ricp238h47f0bb0sjbrbe4ntzm1eyxc33j9j05pvcw.gif (fail)
    ✓ systeme-trial-photos.jpg (ok)
    ✗ website-feature-images-dec-2.gif (tiny)
  inserted 8 image refs
[13/109] sigourneys-sleep-edit
  found 9 images
    ✓ 1.png (ok)
    ✓ 2026-website-feature-images-5.jpg (ok)
    ✓ holding.png (ok)
    ✓ 2026-website-feature-images-7.png (ok)
    ✓ 2026-website-feature-images-2-1.jpg (ok)
    ✗ lazy_placeholder.gif (tiny)
    ✓ 1.gif (ok)
    ✓ 2.gif (ok)
    ✓ 3.gif (ok)
  inserted 8 image refs
[14/109] spring-wellness-reboot
  found 10 images
    ✓ copy-of-sizing-for-site-landscape-750-x-500.png (ok)
    ✓ 4-1.jpg (ok)
    ✓ 1-1.jpg (ok)
    ✓ 2-1.jpg (ok)
    ✓ 5-1.jpg (ok)
    ✓ copy-of-sizing-for-site-portrait-750-x-1125-16-4.jpeg (ok)
    ✓ copy-of-sizing-for-site-portrait-750-x-1125-16-5.jpeg (ok)
    ✓ 2-2.jpg (ok)
    ✓ 6.png (ok)
    ✓ 5.png (ok)
  inserted 10 image refs
[15/109] how-to-bring-a-skincare-routine-approach-to-your-teeth
  found 10 images
    ✓ keeko-2-horiz.jpg (ok)
    ✓ keeko-5.jpg (ok)
    ✓ keeko-6.jpg (ok)
    ✓ keeko-7-horiz.jpg (ok)
    ✓ keeko-1a.jpg (ok)
    ✓ keeko-8.jpg (ok)
    ✓ keeko-0.jpg (ok)
    ✓ keeko-1a-1.jpg (ok)
    ✓ keeko-1b.jpg (ok)
    ✓ keeko-2.jpg (ok)
  inserted 10 image refs
[16/109] its-time-to-spring-clean-your-routine-with-these-wellness-inspired-buys
  found 10 images
    ✓ holding-shot.jpeg (ok)
    ✓ waterpik.jpg (ok)
    ✓ currentbody-1.png (ok)
    ✓ silvi.jpeg (ok)
    ✓ lskd.png (ok)
    ✓ soulara.jpeg (ok)
    ✓ face-gym.jpeg (ok)
    ✓ welleco.png (ok)
    ✓ systeme-trial-photos.jpg (ok)
    ✓ 2026-website-feature-images-3.png (ok)
  inserted 10 image refs
[17/109] how-foam-rolling-can-transform-your-body-with-gwyneths-trainer-lauren-roxburgh
  found 10 images
    ✓ loroxburghroller-copy.jpg (ok)
    ✓ laurenroxburgh_rollingshell_foamroller.jpg (ok)
    ✓ loroxroller02_muffintopmelting.jpg (ok)
    ✓ loroxtravel-size-roller_hawaii.jpg (ok)
    ✓ pg1466100-637fc010-5e76-42e8-b44e-086713bff6e9.jpg (ok)
    ✓ pg1466100-80471776-e184-4f5b-97e6-62a44d4452f4.jpg (ok)
    ✓ web1466100-9089dc8e-5314-6a48-88eb-98d06e050311.jpg (ok)
    ✓ 2-1.jpg (ok)
    ✓ holding.png (ok)
    ✓ 1.png (ok)
  inserted 10 image refs
[18/109] how-to-decadent-dairy-free-raw-hot-chocolate
  found 10 images
    ✓ screen-shot-2020-08-04-at-12.34.41-pm.png (ok)
    ✓ hot-chocolate.png (ok)
    ✓ 2-1.jpg (ok)
    ✓ holding.png (ok)
    ✓ 1.png (ok)
    ✓ juliquemask1.jpg (ok)
    ✗ lazy_placeholder.gif (tiny)
    ✓ 1.gif (ok)
    ✓ 2.gif (ok)
    ✓ 3.gif (ok)
  inserted 9 image refs
[19/109] a-nutritionist-on-binning-bad-lockdown-eating-habits
  found 10 images
    ✓ jalwill-profile-1-1.jpg (ok)
    ✓ shoot74407.jpg (ok)
    ✓ broccoli-tzatiki-salad-2.jpg (ok)
    ✓ citrus-glow-bars-1-3.jpg (ok)
    ✓ citrus-glow-bars-1-4.jpg (ok)
    ✓ immune-boosting-soup-1-2.jpg (ok)
    ✓ immune-boosting-soup-1-1-2.jpg (ok)
    ✓ shoot74514.jpg (ok)
    ✓ shoot74421.jpg (ok)
    ✓ jalwill-profile-2-1.jpg (ok)
  inserted 10 image refs
[20/109] how-this-wellness-guru-is-navigating-isolation
  found 10 images
    ✓ lee-holmes-lifestyle_by_luisa-brimble-1707.jpg (ok)
    ✓ lee-holmes-lifestyle_by_luisa-brimble-1204.jpg (ok)
    ✓ tamsin-and-lee-scrabble.jpg (ok)
    ✓ lee-holmes-lifestyle_by_luisa-brimble-802.jpg (ok)
    ✓ unnamed-1.jpg (ok)
    ✓ deck.jpg (ok)
    ✓ radiance-cream-cleanse-boxr_1200x.png (ok)
    ✓ variant_2663073.jpg (ok)
    ✓ 2-1.jpg (ok)
    ✓ systeme-trial-photos.jpg (ok)
  inserted 10 image refs
[21/109] the-10-wellness-apps-were-obsessed-with-right-now
  found 10 images
    ✓ 67839208_839147979819171_8386304631534390929_n.jpg (ok)
    ✓ 1.sleepcycle.jpg (ok)
    ✓ 2.smilingmind.jpg (ok)
    ✓ 3.myfitnesspal.png (ok)
    ✓ 1440386047210-vxrgl8vhk4lhlu7njiqt.jpeg (ok)
    ✓ 1440386730734-a2trx39dfi1j2oaijo1f.jpeg (ok)
    ✓ 1440386085408-bxy5h6z9y2rdadzfmnrz.jpeg (ok)
    ✓ 1440386596374-rrku9qc7iwkgynmw02fq.jpeg (ok)
    ✓ nrc.png (ok)
    ✓ streaks.png (ok)
  inserted 10 image refs
[22/109] why-you-should-be-paying-more-attention-to-your-microbiome
  found 10 images
    ✓ 65813193_1035595473300041_3426529290809598020_n.jpg (ok)
    ✓ minenssey-hydrating-dynamic-facial-essence-1-1.jpg (ok)
    ✓ minenssey-hydrating-quenching-aqua-cream-2.jpg (ok)
    ✓ fiji-noni-juice-100-pure-and-organic-1-litre.jpg (ok)
    ✓ cacao-powdernew_v2-1.jpg (ok)
    ✓ variant_344212.jpg (ok)
    ✓ minenssey-hydrating-cleansing-souffle-4-1.jpg (ok)
    ✓ aust_-chocolate_300g_organic-banner_0003_coyo-organic-coconut-yoghurt-300g_probiotic-natural.jpg (ok)
    ✓ minenssey-hydrating-complete-eye-cream-1-1.jpg (ok)
    ✓ systeme-trial-photos.jpg (ok)
  inserted 10 image refs
[23/109] i-learned-vedic-meditation-and-this-is-how-it-changed-my-life
  found 10 images
    ✓ img_4179.jpg (ok)
    ✓ img_0426.jpg (ok)
    ✓ img_0038.jpg (ok)
    ✓ img_4126.jpg (ok)
    ✓ img_1345.jpg (ok)
    ✓ img_5533.jpg (ok)
    ✓ img_0858.jpg (ok)
    ✓ img_0748.jpg (ok)
    ✓ 2-1.jpg (ok)
    ✓ holding.png (ok)
  inserted 10 image refs
[24/109] teresa-palmer-and-chrissy-duigan-on-their-new-supplements
  found 10 images
    ✓ beauticate_lovewell_8252_2.jpg (ok)
    ✓ beauticate_lovewell_8252_2-2.jpg (ok)
    ✓ beauticate_lovewell_7973-1.jpg (ok)
    ✓ beauticate_lovewell_7977-1.jpg (ok)
    ✓ screen-shot-2019-05-22-at-12.32.24-pm.jpg (ok)
    ✓ beauticate_lovewell_7834-1.jpg (ok)
    ✓ beauticate_lovewell_8267_1-1-1.jpg (ok)
    ✓ beauticate_lovewell_8270b-1.jpg (ok)
    ✓ beauticate_lovewell_8345-1-1.jpg (ok)
    ✓ beauticate_lovewell_8339-1.jpg (ok)
  inserted 10 image refs
[25/109] lola-berry-on-ivf-trauma-cancel-culture-finding-peace-after-heartbreak
  found 8 images
    ✓ 38363818-1739270093542-7154f374420cb-scaled.jpg (ok)
    ✓ 2026-website-feature-images-5.jpg (ok)
    ✓ 1.png (ok)
    ✓ 1.jpg (ok)
    ✗ lazy_placeholder.gif (tiny)
    ✓ 1.gif (ok)
    ✓ 2.gif (ok)
    ✓ 3.gif (ok)
  inserted 7 image refs
[26/109] i-thought-i-wasnt-enough-terri-vinson-jones-on-body-image-anxiety-and-self-worth
  found 8 images
    ✓ 38363818-1739270093542-7154f374420cb-scaled.jpg (ok)
    ✓ 2026-website-feature-images-5.jpg (ok)
    ✓ 1.png (ok)
    ✓ 1.jpg (ok)
    ✗ lazy_placeholder.gif (tiny)
    ✓ 1.gif (ok)
    ✓ 2.gif (ok)
    ✓ 3.gif (ok)
  inserted 7 image refs
[27/109] jess-sepel-on-ocd-healing-from-disordered-eating-grief-and-building-jshealth-with-heart
  found 9 images
    ✓ 3.jpg (ok)
    ✓ 38363818-1739270093542-7154f374420cb-scaled.jpg (ok)
    ✓ 2026-website-feature-images-5.jpg (ok)
    ✓ 1.png (ok)
    ✓ 1.jpg (ok)
    ✗ lazy_placeholder.gif (tiny)
    ✓ 1.gif (ok)
    ✓ 2.gif (ok)
    ✓ 3.gif (ok)
  inserted 8 image refs
[28/109] lindsay-price-on-healing-childhood-trauma-life-with-curtis-stone-and-her-hollywood-journey
  found 8 images
    ✓ 38363818-1739270093542-7154f374420cb-scaled.jpg (ok)
    ✓ 2026-website-feature-images-5.jpg (ok)
    ✓ 1.png (ok)
    ✓ 1.jpg (ok)
    ✗ lazy_placeholder.gif (tiny)
    ✓ 1.gif (ok)
    ✓ 2.gif (ok)
    ✓ 3.gif (ok)
  inserted 7 image refs
[29/109] jessica-maguire-on-why-anxiety-gut-issues-and-chronic-pain-are-all-connected
  found 8 images
    ✓ 38363818-1739270093542-7154f374420cb-scaled.jpg (ok)
    ✓ 2026-website-feature-images-5.jpg (ok)
    ✓ 1.png (ok)
    ✓ 1.jpg (ok)
    ✗ lazy_placeholder.gif (tiny)
    ✓ 1.gif (ok)
    ✓ 2.gif (ok)
    ✓ 3.gif (ok)
  inserted 7 image refs
[30/109] miranda-kerr-on-faith-family-and-that-first-date-where-he-fell-asleep
  found 8 images
    ✓ 38363818-1739270093542-7154f374420cb-scaled.jpg (ok)
    ✓ 2026-website-feature-images-5.jpg (ok)
    ✓ 1.png (ok)
    ✓ 1.jpg (ok)
    ✗ lazy_placeholder.gif (tiny)
    ✓ 1.gif (ok)
    ✓ 2.gif (ok)
    ✓ 3.gif (ok)
  inserted 7 image refs
[31/109] supermodel-fitness-secrets-the-best-personal-trainers-for-models
  found 10 images
    ✓ adriana-lima-boxing-exercise.jpg (ok)
    ✓ screen-shot-2022-02-25-at-1.38.03-am.png (ok)
    ✓ 2-1.jpg (ok)
    ✓ holding.png (ok)
    ✓ juliquemask1.jpg (ok)
    ✓ 2026-website-feature-images-8.gif (ok)
    ✗ lazy_placeholder.gif (tiny)
    ✓ 1.gif (ok)
    ✓ 2.gif (ok)
    ✓ 3.gif (ok)
  inserted 9 image refs
[32/109] these-are-the-comfiest-and-most-supportive-activewear-brands-2
  found 10 images
    ✓ sig-activewear_holding-a-1.jpg (ok)
    ✓ img_2073-1.jpg (ok)
    ✓ hydro_short_crop_5__73500.1637879663.jpg (ok)
    ✓ hydro_bikini_top_crop_2__29732.1637879629-1.jpg (ok)
    ✓ endurance_hoodie_peach_crop_5__71157.1637879660-1.jpg (ok)
    ✓ img_2056-1.jpg (ok)
    ✓ rise-racerback-trio-kit-chocolate-591415_1000x.jpg (ok)
    ✓ rise-racerback-trio-kit-chocolate-483682_1000x.jpg (ok)
    ✓ img_2063-1-1.jpg (ok)
    ✓ 3.off-whiteribbedseamlesstights_3_900x.jpg (ok)
  inserted 10 image refs
[33/109] why-vibration-training-is-my-fitness-holy-grail
  found 10 images
    ✓ new-holding1.png (ok)
    ✓ story-pic-1.png (ok)
    ✓ story-pic-3.png (ok)
    ✓ story-pic-2.png (ok)
    ✓ new-story-pic.png (ok)
    ✓ 2026-website-feature-images-2.png (ok)
    ✗ website-feature-images-dec-9-ricp238h47f0bb0sjbrbe4ntzm1eyxc33j9j05pvcw.gif (fail)
    ✓ systeme-trial-photos.jpg (ok)
    ✗ website-feature-images-dec-2.gif (tiny)
    ✗ lazy_placeholder.gif (tiny)
  inserted 7 image refs
[34/109] the-10-best-fitness-apps-2
  found 10 images
    ✓ 18160422_825583834277623_5503456305798447104_n-1.jpg (ok)
    ✓ 18160422_825583834277623_5503456305798447104_n.jpg (ok)
    ✓ nike.jpg (ok)
    ✓ 30076896_1736906983032547_6970487529178923008_n-2.jpg (ok)
    ✓ 30078379_194581674679838_5067429568051150848_n-2.jpg (ok)
    ✓ bicyclingmag.jpg (ok)
    ✓ kaylaphoto.jpg (ok)
    ✓ 20688036_162379927653859_943465978329563136_n-2.jpg (ok)
    ✓ nimbleactivewear.jpg (ok)
    ✓ postpreg.jpg (ok)
  inserted 10 image refs
[35/109] video-hypoxi-review-on-weight-loss-and-cellulite-sigourneys-edit
  found 9 images
    ✓ hypoxi2copy-2.jpg (ok)
    ✓ 2026-website-feature-images-2-1.jpg (ok)
    ✓ holding.png (ok)
    ✓ 1.png (ok)
    ✓ juliquemask1.jpg (ok)
    ✗ lazy_placeholder.gif (tiny)
    ✓ 1.gif (ok)
    ✓ 2.gif (ok)
    ✓ 3.gif (ok)
  inserted 8 image refs
[36/109] get-ready-with-rachael-finch
  found 10 images
    ✓ img-27.jpg (ok)
    ✓ download.jpeg (ok)
    ✓ rachel_finch_convent-268-rtd-1.jpg (ok)
    ✓ rachael_finch-247-1.jpg (ok)
    ✓ rachel_finch_convent-122-rtd-1.jpg (ok)
    ✓ rachael_finch-259-1.jpg (ok)
    ✓ download-1.jpeg (ok)
    ✓ website-images-17.gif (ok)
    ✓ img_2750-e1658990944924.jpeg (ok)
    ✓ adriana-lima-boxing-exercise.jpg (ok)
  inserted 10 image refs
[37/109] 11-things-fitspo-girls-never-do
  found 10 images
    ✓ img-1.png (ok)
    ✓ goals.png (ok)
    ✓ same.jpeg (ok)
    ✓ bikini.jpeg (ok)
    ✓ spend.jpeg (ok)
    ✓ waste.png (ok)
    ✓ focus.jpeg (ok)
    ✓ over.jpeg (ok)
    ✓ get.jpeg (ok)
    ✓ website-images-17.gif (ok)
  inserted 10 image refs
[38/109] post-baby-workout-what-i-wish-i-knew-the-first-time-around
  found 10 images
    ✓ holding.jpg (ok)
    ✓ holding-1.jpg (ok)
    ✓ download.jpg (ok)
    ✓ download-1.jpg (ok)
    ✓ download-2.jpg (ok)
    ✓ download-3.jpg (ok)
    ✓ download-4.jpg (ok)
    ✓ download-5.jpg (ok)
    ✓ download-6.jpg (ok)
    ✓ website-images-17.gif (ok)
  inserted 10 image refs
[39/109] how-i-stay-fit-with-rebecca-judd
  found 10 images
    ✓ 64765306_2240195439434141_8035947270325435442_n.jpg (ok)
    ✓ neiyo_becj-140-1.jpg (ok)
    ✓ neiyo_becj-144-1.jpg (ok)
    ✓ neiyo_becj-142-1.jpg (ok)
    ✓ neiyo_becj-146-1.jpg (ok)
    ✓ neiyo_becj-148-1.jpg (ok)
    ✓ neiyo_becj-153-1.jpg (ok)
    ✓ neiyo_becj-154-1.jpg (ok)
    ✓ bike.jpeg (ok)
    ✗ lazy_placeholder.gif (tiny)
  inserted 9 image refs
[40/109] how-to-pilates-for-the-ultimate-bikini-body
  found 10 images
    ✓ mariovivanco.png (ok)
    ✗ lazy_placeholder.gif (tiny)
    ✓ p-1-3-1.jpg (ok)
    ✓ p-2.jpeg (ok)
    ✓ p-3.jpeg (ok)
    ✓ p-4final-1.jpg (ok)
    ✓ website-images-17.gif (ok)
    ✓ img_2750-e1658990944924.jpeg (ok)
    ✓ adriana-lima-boxing-exercise.jpg (ok)
    ✓ sig-activewear_holding-a-1.jpg (ok)
  inserted 9 image refs
[41/109] how-to-strengthen-your-core-with-kettlebells
  found 10 images
    ✓ img-19.jpg (ok)
    ✓ bg-2.jpeg (ok)
    ✗ lazy_placeholder.gif (tiny)
    ✓ kettlebellswing-1.gif (ok)
    ✓ kettlebellsquats-1.gif (ok)
    ✓ arm.gif (ok)
    ✓ image.php-3.jpeg (ok)
    ✓ printed-running-compression-tights-brown-leopard-print-1.jpg (ok)
    ✓ s27-f50299-13293-sr-003-1.jpg (ok)
    ✓ 34370964fn_11_f-1.jpg (ok)
  inserted 9 image refs
[42/109] 4-exercises-the-fashion-girls-swear-by
  found 10 images
    ✓ screenshot2018-01-0414.19.57.png.57.png (ok)
    ✓ screenshot2018-01-0414.19.57.png (ok)
    ✓ 2-1.jpg (ok)
    ✓ holding.png (ok)
    ✓ juliquemask1.jpg (ok)
    ✓ 2026-website-feature-images-8.gif (ok)
    ✗ lazy_placeholder.gif (tiny)
    ✓ 1.gif (ok)
    ✓ 2.gif (ok)
    ✓ 3.gif (ok)
  inserted 9 image refs
[43/109] sacred-six-6-ways-im-going-to-live-longer
  found 9 images
    ✓ 38363818-1721337161245-a84a3da3a7077-scaled.jpg (ok)
    ✓ 38363818-1739270093542-7154f374420cb-scaled.jpg (ok)
    ✓ 1.jpg (ok)
    ✓ 2026-website-feature-images-2.png (ok)
    ✓ 2026-website-feature-images-7.jpg (ok)
    ✗ lazy_placeholder.gif (tiny)
    ✓ 1.gif (ok)
    ✓ 2.gif (ok)
    ✓ 3.gif (ok)
  inserted 8 image refs
[44/109] reve-skin-beauty-annandale
  found 10 images
    ✗ lazy_placeholder.gif (tiny)
    ✓ 2026-website-feature-images.gif (ok)
    ✓ 14-scaled.png (ok)
    ✓ sydney-anti-wrinkle-treatments.jpg (ok)
    ✓ 9-scaled.png (ok)
    ✓ 13-scaled.png (ok)
    ✓ 12-scaled.png (ok)
    ✓ 11-scaled.png (ok)
    ✓ 10-scaled.png (ok)
    ✓ juliquemask1.jpg (ok)
  inserted 9 image refs
[45/109] mondrian-gold-coast-review
  found 10 images
    ✗ lazy_placeholder.gif (tiny)
    ✓ mondrian-images-word-press-4.gif (ok)
    ✓ 6-1.png (ok)
    ✓ 3-1.png (ok)
    ✓ 7-1.png (ok)
    ✓ img_0340-1.jpeg (ok)
    ✓ 4-1.png (ok)
    ✓ 5-1.png (ok)
    ✓ 10.png (ok)
    ✓ img_0945.jpg (ok)
  inserted 9 image refs
[46/109] bannisters-port-stephens-family-getaway
  found 10 images
    ✗ lazy_placeholder.gif (tiny)
    ✓ copy-of-website-feature-images-12-opti.gif (ok)
    ✓ copy-of-website-feature-images-7-rcsfkpgoaatw8lczx4wemhrdp4h7x81csymu2bdpn4.png (ok)
    ✓ copy-of-website-feature-images-9-rcsfw8xc72mms8lij4hi8kx49flgffupq2zg6m9p8w.gif (ok)
    ✓ copy-of-website-feature-images-10-1-rcsg4v42uef97k2y7uke3en8al4kzk24wq9ojxhs7k.gif (ok)
    ✓ copy-of-website-feature-images-11-rcsghdcrs1jlorwy6r6orr10u5heekpkamr9fgy7f4.gif (ok)
    ✓ 4-rcsgk6vca5ekinthpz2e91eszrl1hvwkol7p9cror4.png (ok)
    ✓ copy-of-website-feature-images-9-rcsgo5qt4yu5je1yjotos1cvac0tzvnrw8di7evuhc.png (ok)
    ✓ 3-rcsgrh4b8xdkhv8k6mfb2p8eq9og5ftoon865jyuj4.png (ok)
    ✓ 2026-website-feature-images-2-1.jpg (ok)
  inserted 9 image refs
[47/109] pool-accessories-that-changed-our-lives
  found 10 images
    ✗ lazy_placeholder.gif (tiny)
    ✓ website-feature-images-dec-2.gif (ok)
    ✓ website-feature-images-dec-4.gif (ok)
    ✓ website-feature-images-dec-4.png (ok)
    ✓ website-portrait-6.gif (ok)
    ✓ website-portrait-7.gif (ok)
    ✓ website-feature-images-dec-6.gif (ok)
    ✓ website-feature-images-dec-5.png (ok)
    ✓ website-portrait-10.gif (ok)
    ✓ website-feature-images-dec-7.png (ok)
  inserted 9 image refs
[48/109] lazy-girls-guide-summer-entertaining
  found 10 images
    ✗ lazy_placeholder.gif (tiny)
    ✓ website-feature-images-dec-8.gif (ok)
    ✓ website-portrait-1.gif (ok)
    ✓ website-feature-images-dec-1.png (ok)
    ✓ website-feature-images-dec.png (ok)
    ✓ website-portrait-4.gif (ok)
    ✓ website-portrait-3.gif (ok)
    ✓ website-feature-images-dec-3-ri0ck15kept0rawjbckg56y6u658g49x0pao8d72mo.png (ok)
    ✓ 10.png (ok)
    ✓ website-feature-images-dec-2.png (ok)
  inserted 9 image refs
[49/109] how-sheer-curtains-can-transform-a-space
  found 10 images
    ✓ sig_1p0a3581.jpg (ok)
    ✓ sig_1p0a3549.jpg (ok)
    ✓ sig_1p0a3704.jpg (ok)
    ✓ sig_1p0a3761.jpg (ok)
    ✓ sig_1p0a3532.jpg (ok)
    ✓ sig_1p0a4152.jpg (ok)
    ✓ sig_1p0a3648.jpg (ok)
    ✓ 2-1.jpg (ok)
    ✓ holding.png (ok)
    ✓ juliquemask1.jpg (ok)
  inserted 10 image refs
[50/109] airgarden
  found 10 images
    ✓ xsigourneyx-191-of-200-1.jpg (ok)
    ✓ img_3677.jpg (ok)
    ✓ kit_4454-1-1-scaled.jpg (ok)
    ✓ img_3668-1.jpg (ok)
    ✓ img_3684-1.jpg (ok)
    ✓ kit_4113-1-scaled.jpg (ok)
    ✓ img_3680.jpg (ok)
    ✓ 1_4d47d21f-6eb5-4126-85a3-f6ba35821637_800x.jpg (ok)
    ✓ airgarden-aeroponic-vertical-garden_4_2000px.jpg (ok)
    ✓ img_3705.jpg (ok)
  inserted 10 image refs
[51/109] 8-at-trinity
  found 10 images
    ✓ img_2692.jpg (ok)
    ✓ venue_8-at-trinity2-1-1.jpg (ok)
    ✓ venue_8-at-trinity6-scaled.jpg (ok)
    ✓ venue_8-at-trinity4-1.jpg (ok)
    ✓ bombe-alaska_8-at-trinity-1.jpg (ok)
    ✓ img_2564.jpg (ok)
    ✓ cadillac-margarita_8-at-trinity-1.jpg (ok)
    ✓ kingfish-ceviche_8-at-trinity-1.jpg (ok)
    ✓ img_2551.jpg (ok)
    ✓ venue_8-at-trinity7-1.jpg (ok)
  inserted 10 image refs
[52/109] we-tried-period-cups-and-undies-here-are-our-honest-thoughts-2
  found 10 images
    ✓ shutterstock_1757917031-1-1.jpg (ok)
    ✓ divacup1closeup_1024x.png (ok)
    ✓ d151fba80722da3135d661d91ef7809d_2048x2048.jpg (ok)
    ✓ awwa_periodundies_skyehighbrief6_awwathelabel.com_800x.jpg-copy.jpg (ok)
    ✓ 210226_mb_classic_bikini_mw_black-0683-cropped_755e660f-28c7-452a-9b1e-ae205264b540_1200x.jpg (ok)
    ✓ tom-organic-period-briefs-mid-rise-black-hello-charlie-9_600x-1.jpg (ok)
    ✓ ruby-carousel-image-removebg-preview-1.png (ok)
    ✓ 2026-website-feature-images-2.png (ok)
    ✓ systeme-trial-photos.jpg (ok)
    ✓ 2-1.jpg (ok)
  inserted 10 image refs
[53/109] we-tried-samsungs-latest-statement-making-tv
  found 10 images
    ✓ samsung_holding_100.jpg (ok)
    ✓ sigourney-beauticate-6391.jpg (ok)
    ✓ samsung_2.jpg (ok)
    ✓ sigourney-beauticate-6464.jpg (ok)
    ✗ lazy_placeholder.gif (tiny)
    ✓ samsung_750x1125.jpg (ok)
    ✓ sigourney-beauticate-6454-1.jpg (ok)
    ✓ untitled.jpg (ok)
    ✓ sw-28-5-3.jpeg (ok)
    ✓ 333.jpg (ok)
  inserted 9 image refs
[54/109] alisa-and-lysandra-fraser-the-interior-design-duo-on-how-to-make-your-bathroom-beautiful
  found 10 images
    ✓ frasers-5-1.jpg (ok)
    ✓ frasers-0.jpg (ok)
    ✓ frasers-1.jpg (ok)
    ✓ frasers-2.jpg (ok)
    ✓ frasers-3.jpg (ok)
    ✓ frasers-4.jpg (ok)
    ✓ frasers-5b.jpg (ok)
    ✓ frasers-6.jpg (ok)
    ✓ frasers-7.jpg (ok)
    ✓ frasers-8.jpg (ok)
  inserted 10 image refs
[55/109] how-to-create-dreamy-bedrooms
  found 10 images
    ✓ sig-home_1u3a0241-2.jpeg (ok)
    ✓ elanora_1u3a0185-1.jpeg (ok)
    ✓ elanora_1u3a0179.jpeg (ok)
    ✓ elanora_1u3a0324.jpeg (ok)
    ✓ sig-home_1u3a0298.jpeg (ok)
    ✓ sig-home_1u3a0285.jpeg (ok)
    ✓ sig-home_1u3a0264.jpeg (ok)
    ✓ 1068-00-10-3-e1648450907786.jpeg (ok)
    ✗ lazy_placeholder.gif (tiny)
    ✓ 0d51a781-ff48-32ce-9c0f-3f7c8d46204b-e1648450961376.jpeg (ok)
  inserted 9 image refs
[56/109] inside-the-beauticate-beauty-cupboard
  found 10 images
    ✓ sig-home_1u3a0768-2-2.jpg (ok)
    ✓ elanora_1u3a0744-1.jpg (ok)
    ✓ sig-home_1u3a0804-1.jpg (ok)
    ✓ sig-home_1u3a0833-1-1.jpg (ok)
    ✓ sig-home_1u3a0815-1.jpg (ok)
    ✓ sig-home_1u3a0738-1.jpg (ok)
    ✓ sig-home_1u3a0843-1.jpg (ok)
    ✓ hello_2.png (ok)
    ✓ thames13_860x__1_-removebg-preview.png (ok)
    ✓ hello-1.png (ok)
  inserted 10 image refs
[57/109] these-7-things-make-entertaining-a-cinch
  found 10 images
    ✓ sig-home_1u3a0692.jpg (ok)
    ✓ sig-home_1u3a0574.jpeg (ok)
    ✓ elanora_1u3a0659.jpeg (ok)
    ✓ 04__296-1_1200x.jpeg (ok)
    ✓ sig-home_1u3a0674-1-scaled.jpg (ok)
    ✓ 9703dd2f97f6943ff7d6b87bc9177818-1.jpeg (ok)
    ✓ eb5256f51160b276a271c90e2cd366ed.jpeg (ok)
    ✓ sig-home_1u3a0558.jpeg (ok)
    ✓ 6c672b610d32ad15d2e9ed37576f80a9.jpeg (ok)
    ✓ 2cf94fffaabb7887b9fd0c3b8cd35006.jpeg (ok)
  inserted 10 image refs
[58/109] how-to-turn-your-home-into-a-holiday-haven-according-to-a-seasoned-pro
  found 10 images
    ✓ holding-simone.jpg (ok)
    ✓ 0-the-pause-exterior-portrait-high-res-1.jpg (ok)
    ✓ 1-simone-mathews_soul-home_image-credit-hayley-haynes.jpg (ok)
    ✓ 2a-the-pause-high-res-47.jpg (ok)
    ✓ 2b-the-pause-high-res-77.jpg (ok)
    ✓ 3a-mitchfong_gud-studio_the-pause-1.jpg (ok)
    ✓ 3b-mitchfong_gud-studio_the-pause-7.jpg (ok)
    ✓ 3c-mitchfong_gud-studio_the-pause-9-1.jpg (ok)
    ✓ 4a-mitchfong_gud-studio_the-pause-14.jpg (ok)
    ✓ 4b-the-pause-high-res-39.jpg (ok)
  inserted 10 image refs
[59/109] the-dermatologist-approved-beauty-brand-thats-doing-right-by-the-planet
  found 10 images
    ✓ gisele-main-tiny.png (ok)
    ✓ story-pic-arbonne-1.png (ok)
    ✓ bright-serum-new.png (ok)
    ✓ neck-new.png (ok)
    ✓ dermresults-serum-new.png (ok)
    ✓ story-pic-new.png (ok)
    ✓ untitled-design51.png (ok)
    ✓ cloths-story-pic.png (ok)
    ✓ juliquemask1.jpg (ok)
    ✓ systeme-trial-photos.jpg (ok)
  inserted 10 image refs
[60/109] trinny-woodall-podcast
  found 9 images
    ✓ 2026-website-feature-images-2.png (ok)
    ✗ 2026-website-feature-images-2.gif (tiny)
    ✓ website-feature-images-3.gif (ok)
    ✓ 2026-website-feature-images-5.png (ok)
    ✓ 38363818-1739270093542-7154f374420cb-scaled.jpg (ok)
    ✗ lazy_placeholder.gif (tiny)
    ✓ 1.gif (ok)
    ✓ 2.gif (ok)
    ✓ 3.gif (ok)
  inserted 7 image refs
[61/109] susan-yara-reinvention-podcast
  found 9 images
    ✗ lazy_placeholder.gif (tiny)
    ✓ 2026-website-feature-images-2.gif (ok)
    ✓ 2026-website-feature-images-2.png (ok)
    ✓ website-feature-images-3.gif (ok)
    ✓ 2026-website-feature-images-5.png (ok)
    ✓ 38363818-1739270093542-7154f374420cb-scaled.jpg (ok)
    ✓ 1.gif (ok)
    ✓ 2.gif (ok)
    ✓ 3.gif (ok)
  inserted 8 image refs
[62/109] steffanie-ball-the-interiors-guru-with-the-most-beautiful-neutral-home
  found 10 images
    ✓ steff-2b.jpg (ok)
    ✓ steff-1a.jpg (ok)
    ✓ steff-0.jpg (ok)
    ✓ steff-3b.jpg (ok)
    ✓ steff-9.jpg (ok)
    ✓ steff-holding.jpg (ok)
    ✓ steff-0-1.jpg (ok)
    ✓ steff-1a-1.jpg (ok)
    ✓ steff-1b.jpg (ok)
    ✓ steff-holding-1.jpg (ok)
  inserted 10 image refs
[63/109] the-exact-products-melanie-grant-uses-to-look-flawless
  found 10 images
    ✓ mg-holding.jpg (ok)
    ✓ mg-2-1.jpg (ok)
    ✓ mg-3-1.jpg (ok)
    ✓ mg-3b-1.jpg (ok)
    ✓ mg-4-1.jpg (ok)
    ✓ mg-0.jpg (ok)
    ✓ mg-4.jpg (ok)
    ✓ mg-1-1.jpg (ok)
    ✓ mg-3.jpg (ok)
    ✓ mg-3b.jpg (ok)
  inserted 10 image refs
[64/109] olivia-chantecaille-born-into-beauty-now-saving-the-world
  found 10 images
    ✓ olivia-holding-a.jpeg (ok)
    ✓ olivia-0.jpeg (ok)
    ✓ olivia-4a.jpeg (ok)
    ✓ olivia-2b.jpeg (ok)
    ✓ olivia-1creditolivia.jpeg (ok)
    ✓ olivia-11b.jpeg (ok)
    ✓ olivia-3a.jpeg (ok)
    ✓ olivia-12.jpeg (ok)
    ✓ olivia-9.jpeg (ok)
    ✓ olivia-2a.jpeg (ok)
  inserted 10 image refs
[65/109] anastasia-soare-on-turning-perfect-brows-into-a-global-empire
  found 10 images
    ✓ abh-holding.jpg (ok)
    ✓ abh-3.jpeg (ok)
    ✓ abh-7.jpg (ok)
    ✓ abh-0.jpg (ok)
    ✓ abh-0-1.jpg (ok)
    ✓ abh-1a.jpeg (ok)
    ✓ abh-1b.jpeg (ok)
    ✓ abh-2a.jpg (ok)
    ✓ abh-2b.jpeg (ok)
    ✓ abh-3-1.jpeg (ok)
  inserted 10 image refs
[66/109] ruth-robalino-the-hairdresser-turned-supplement-brand-founder-helping-clients-look-and-feel-their-best
  found 10 images
    ✓ ruth-10-of-20-2.jpg (ok)
    ✓ ruth-holding.jpg (ok)
    ✓ ruth-4a.jpg (ok)
    ✓ ruth-5.png (ok)
    ✓ ruth-4b.jpg (ok)
    ✓ ruth-8.jpg (ok)
    ✓ ruth-6.jpg (ok)
    ✓ ruth-2.jpg (ok)
    ✓ ruth-3.jpg (ok)
    ✓ ruth-9.jpg (ok)
  inserted 10 image refs
[67/109] trinny-schooled-me-in-cleansing
  found 10 images
    ✓ img_8123.png (ok)
    ✓ img_8100.png (ok)
    ✓ be-your-best.png (ok)
    ✓ better-off.png (ok)
    ✓ tiptoe-in.png (ok)
    ✓ find-your-balance.png (ok)
    ✓ plump-up.png (ok)
    ✓ bounce-back.png (ok)
    ✓ sisley.png (ok)
    ✓ buttercup.png (ok)
  inserted 10 image refs
[68/109] beth-levis-the-fashion-exec-bringing-her-design-eye-to-her-own-wellness-brand
  found 10 images
    ✓ beth-holding.jpg (ok)
    ✓ beth-0.jpg (ok)
    ✓ beth-5.jpg (ok)
    ✓ beth-9.jpg (ok)
    ✓ beth-7.jpg (ok)
    ✓ beth-3.jpg (ok)
    ✓ beth-1.jpg (ok)
    ✓ beth-4.jpg (ok)
    ✓ beth-10.jpg (ok)
    ✓ beth-6.jpg (ok)
  inserted 10 image refs
[69/109] alyce-tran-the-entrepreneur-who-will-persuade-you-to-bring-colour-into-your-home
  found 10 images
    ✓ alyce-holding-2-1.jpg (ok)
    ✓ alyce-13.jpeg (ok)
    ✓ alyce-3.jpg (ok)
    ✓ alyce-1.jpg (ok)
    ✓ alyce-10.jpeg (ok)
    ✓ alyce-9.jpg (ok)
    ✓ alyce-0.jpg (ok)
    ✓ alyce-1-1.jpg (ok)
    ✓ alyce-2.jpg (ok)
    ✓ alyce-3-1.jpg (ok)
  inserted 10 image refs
[70/109] hayley-hall-jayde-hall-the-sisters-and-brand-co-founders-embracing-huge-life-changes
  found 10 images
    ✓ halls-10.jpg (ok)
    ✓ halls-holding-2.jpg (ok)
    ✓ halls-0.jpg (ok)
    ✓ halls-7.jpg (ok)
    ✓ halls-6.jpg (ok)
    ✓ halls-8.jpg (ok)
    ✓ halls-3.jpg (ok)
    ✓ 2026-website-feature-images-2.png (ok)
    ✗ 2026-website-feature-images-2.gif (tiny)
    ✓ website-feature-images-3.gif (ok)
  inserted 9 image refs
[71/109] anna-heinrich-on-quitting-law-and-finding-her-inner-entrepreneur
  found 10 images
    ✓ anna_h_1u3a9932-2.jpg (ok)
    ✓ anna_h_1u3a9921-scaled.jpeg (ok)
    ✓ anna_h_1u3a0035.jpg (ok)
    ✓ anna_h_1u3a0030-1.jpg (ok)
    ✓ anna_h_1u3a9857.jpg (ok)
    ✓ untitled-design-23.png (ok)
    ✓ 1__45900__87652__85315.jpg (ok)
    ✓ rg-msc-front-1.jpg (ok)
    ✓ i-028311-born-this-way-foundation-almond-1-940.jpg (ok)
    ✓ 41fbqiaeaql.jpg (ok)
  inserted 10 image refs
[72/109] cece-meadows-the-colourful-makeup-brand-founder-on-beauty-as-therapy
  found 10 images
    ✓ cece-holding-1.jpg (ok)
    ✓ cece-2x.jpg (ok)
    ✓ cece-12x.jpg (ok)
    ✓ cece-11.jpg (ok)
    ✓ cece-4.jpg (ok)
    ✓ cece-6.jpg (ok)
    ✓ cece-3x.jpg (ok)
    ✓ cece-0.jpg (ok)
    ✓ cece-0-1.jpg (ok)
    ✓ cece-1.jpg (ok)
  inserted 10 image refs
[73/109] caudalies-mathilde-thomas-on-must-visit-paris-destinations-and-the-importance-of-pleasure
  found 10 images
    ✓ website-feature-images-6.png (ok)
    ✓ 30602321_174047729920861_1520853876633239552_n.jpg (ok)
    ✓ 7336-mathilde8_081.jpg (ok)
    ✓ 120950608_1498066053736831_6022760595265841359_n-1.jpg (ok)
    ✓ 7319-mathilde2_021.jpg (ok)
    ✓ 31667969_228396351263819_8795850747397799936_n.jpg (ok)
    ✓ 130311206_438395190637519_2907025682889747699_n.jpg (ok)
    ✓ 144206934_1101696816924884_1693732021907137168_n.jpg (ok)
    ✓ 7332-mathilde7_194.jpg (ok)
    ✓ 2026-website-feature-images-2.png (ok)
  inserted 10 image refs
[74/109] jo-malone-cbe-the-queen-of-fragrance-who-loves-a-good-story
  found 10 images
    ✓ jo-11.jpg (ok)
    ✓ jo-1.jpg (ok)
    ✓ jo-7.jpg (ok)
    ✓ jo-holding-1.jpg (ok)
    ✓ jo-9a.jpg (ok)
    ✓ jo-2.jpg (ok)
    ✓ jo-6b.jpg (ok)
    ✓ jo-10.jpg (ok)
    ✓ jo-9b.jpg (ok)
    ✓ jo-0.jpg (ok)
  inserted 10 image refs
[75/109] beauty-essentials-mastering-sofia-richies-signature-style-the-ultimate-guide-to-iconic-fashion-and-looks
  found 10 images
    ✓ copy-of-sizing-for-site-landscape-750-x-500-2.png (ok)
    ✓ 13.png (ok)
    ✓ 11.png (ok)
    ✓ 9.png (ok)
    ✓ 10.png (ok)
    ✓ 8.png (ok)
    ✓ 15.png (ok)
    ✓ 14.png (ok)
    ✓ 1.jpg (ok)
    ✓ 2.jpg (ok)
  inserted 10 image refs
[76/109] rojin-torabi-the-lawyer-and-beauty-skinfluencer
  found 10 images
    ✓ roj-holding-1.jpg (ok)
    ✓ roj-10.jpg (ok)
    ✓ roj-2.jpg (ok)
    ✓ roj-7.jpg (ok)
    ✓ roj-12.jpg (ok)
    ✓ roj-1.jpg (ok)
    ✓ roj-11.jpg (ok)
    ✓ roj-13.jpg (ok)
    ✓ roj-14.jpg (ok)
    ✓ roj-16.jpg (ok)
  inserted 10 image refs
[77/109] riley-minford-the-trans-model-owning-her-beauty
  found 10 images
    ✓ riley-holding-1.jpg (ok)
    ✓ riley-holding-2.jpg (ok)
    ✓ riley-1x.jpg (ok)
    ✓ riley-11a.jpg (ok)
    ✓ riley-9.jpg (ok)
    ✓ riley-7.jpg (ok)
    ✓ riley-3.jpg (ok)
    ✓ riley-8.jpg (ok)
    ✓ riley-10a.jpg (ok)
    ✓ riley-5.jpg (ok)
  inserted 10 image refs
[78/109] laura-enever-the-pro-surfer-putting-mental-health-ahead-of-championships
  found 10 images
    ✓ laura-holding-b-2.jpg (ok)
    ✓ laura-11.jpg (ok)
    ✓ laura-10-b.jpg (ok)
    ✓ laura-8.jpg (ok)
    ✓ laura-4a.jpg (ok)
    ✓ laura-1.jpg (ok)
    ✓ laura-0.jpg (ok)
    ✓ laura-6.jpg (ok)
    ✓ laura-12.jpg (ok)
    ✓ laura-0-1.jpg (ok)
  inserted 10 image refs
[79/109] bachelorette-brooke-blurton-on-choosing-real-life-over-picture-perfect
  found 10 images
    ✓ brooke-holding.jpg (ok)
    ✓ brooke-7x.jpg (ok)
    ✓ brooke-8.jpg (ok)
    ✓ brooke-15.jpg (ok)
    ✓ brooke-11.jpg (ok)
    ✓ brooke-9.jpg (ok)
    ✓ brooke-14.jpg (ok)
    ✓ brooke-5x.jpg (ok)
    ✓ brooke-1x.jpg (ok)
    ✓ brooke-10.jpg (ok)
  inserted 10 image refs
[80/109] how-fashionista-rozalia-russian-learned-to-be-gentler-with-herself
  found 10 images
    ✓ rozalia-9.jpg (ok)
    ✓ rozalia-14.jpg (ok)
    ✓ rozalia-12.jpg (ok)
    ✓ rozalia-holding-1.jpg (ok)
    ✓ rozalia-4.jpg (ok)
    ✓ rozalia-7.jpg (ok)
    ✓ rozalia-8.jpg (ok)
    ✓ rozalia-6a.jpg (ok)
    ✓ rozalia-5.jpg (ok)
    ✓ rozalia-13.jpg (ok)
  inserted 10 image refs
[81/109] hannah-english-shares-the-exact-products-she-uses-to-get-that-glow
  found 10 images
    ✓ hannah-holding-2-2.jpg (ok)
    ✓ hannah-holding-1.jpg (ok)
    ✓ hannah-8.jpg (ok)
    ✓ hannah-5.jpg (ok)
    ✓ hannah-1.jpg (ok)
    ✓ hannah-9.jpg (ok)
    ✓ hannah-3.jpg (ok)
    ✓ hannah-7.jpg (ok)
    ✓ hannah-10.jpg (ok)
    ✓ hannah-0.jpg (ok)
  inserted 10 image refs
[82/109] jules-sebastian-on-why-it-matters-to-make-sure-kids-and-grown-ups-are-having-fun
  found 10 images
    ✓ jules-holding.jpg (ok)
    ✓ jules-9b.jpg (ok)
    ✓ jules-4.jpg (ok)
    ✓ jules-13.jpg (ok)
    ✓ jules-9a.jpg (ok)
    ✓ jules-12.jpg (ok)
    ✓ jules-3a.jpg (ok)
    ✓ jules-0.jpg (ok)
    ✓ jules-1.jpg (ok)
    ✓ jules-2.jpg (ok)
  inserted 10 image refs
[83/109] hannah-english-the-scientist-and-skinfluencer-encouraging-self-awareness-and-self-acceptance
  found 10 images
    ✓ hannah-holding.jpg (ok)
    ✓ hannah-1.jpg (ok)
    ✓ hannah-9.jpg (ok)
    ✓ hannah-5.jpg (ok)
    ✓ hannah-6.jpg (ok)
    ✓ hannah-7.jpg (ok)
    ✓ hannah-4.jpg (ok)
    ✓ hannah-10.jpg (ok)
    ✓ hannah-11.jpg (ok)
    ✓ hannah-12.jpg (ok)
  inserted 10 image refs
[84/109] sari-ella-thaiday-the-indigenous-beauty-influencer-using-tiktok-for-good
  found 10 images
    ✓ sari-holding-1.jpg (ok)
    ✓ sari-7.jpg (ok)
    ✓ sari-8.jpg (ok)
    ✓ sari-1.jpg (ok)
    ✓ sari-3.jpg (ok)
    ✓ sari-9.jpg (ok)
    ✓ sari-5.jpg (ok)
    ✓ sari-10.jpg (ok)
    ✓ sari-2.jpg (ok)
    ✓ sari-12.jpg (ok)
  inserted 10 image refs
[85/109] youtube-queen-lauren-curtis-shares-her-experience-growing-up-online
  found 10 images
    ✓ holding-final-1.jpg (ok)
    ✓ lauren-holding-2.jpg (ok)
    ✓ lauren-3.jpg (ok)
    ✓ lauren-4.jpg (ok)
    ✓ lauren-10.jpg (ok)
    ✓ lauren-0.jpg (ok)
    ✓ lauren-1.jpg (ok)
    ✓ lauren-2.jpg (ok)
    ✓ lauren-3-1.jpg (ok)
    ✓ lauren-4-1.jpg (ok)
  inserted 10 image refs
[86/109] jessi-and-millie-poutama-the-lgbtq-activist-couple-living-a-truly-sustainable-lifestyle
  found 10 images
    ✓ jm-holding-2.jpeg (ok)
    ✓ jm-0.jpg (ok)
    ✓ jm-2.jpeg (ok)
    ✓ jm-18.jpeg (ok)
    ✓ jm-14.jpeg (ok)
    ✓ jm-5.jpg (ok)
    ✓ jm-17.jpg (ok)
    ✓ jm-3.jpeg (ok)
    ✓ jm-8.jpg (ok)
    ✓ jm-0-1.jpg (ok)
  inserted 10 image refs
[87/109] maria-thattil-miss-universe-australia-on-the-importance-of-representation-and-great-mascara
  found 10 images
    ✓ maria-5.jpg (ok)
    ✓ maria-holding-2.jpg (ok)
    ✓ maria-10.jpg (ok)
    ✓ maria-9.jpg (ok)
    ✓ maria-11.jpg (ok)
    ✓ maria-8.jpg (ok)
    ✓ maria-13.jpg (ok)
    ✓ maria-14.jpg (ok)
    ✓ maria-0.jpg (ok)
    ✓ maria-0-1.jpg (ok)
  inserted 10 image refs
[88/109] aminata-conteh-biger-the-activist-on-how-to-dial-up-the-joy-in-your-life
  found 10 images
    ✓ holding-aminata.jpg (ok)
    ✓ aminata-9a.jpg (ok)
    ✓ aminata-4a-1.jpg (ok)
    ✓ aminata-5a-1.jpg (ok)
    ✓ aminata-7b-1.jpg (ok)
    ✓ aminata-3-1.jpg (ok)
    ✓ aminata-6-1.jpg (ok)
    ✓ aminata-1-1.jpg (ok)
    ✓ aminata-2-1.jpg (ok)
    ✓ aminata-5b-1.jpg (ok)
  inserted 10 image refs
[89/109] the-feminine-feminist-heart-surgeon-who-empowers-women-and-stockpiles-lipstick
  found 10 images
    ✓ nikki-holding-2.jpg (ok)
    ✓ nikki-6.jpg (ok)
    ✓ nikki-1.jpg (ok)
    ✓ nikki-7.jpg (ok)
    ✓ nikki-14.jpg (ok)
    ✓ nikki-9.jpg (ok)
    ✓ nikki-2.jpg (ok)
    ✓ nikki-12.jpg (ok)
    ✓ nikki-10.jpg (ok)
    ✓ nikki-11.jpg (ok)
  inserted 10 image refs
[90/109] dr-shefali-conscious-parenting-podcast
  found 9 images
    ✓ 2026-website-feature-images-5.png (ok)
    ✓ 2026-website-feature-images-2.png (ok)
    ✗ 2026-website-feature-images-2.gif (tiny)
    ✓ website-feature-images-3.gif (ok)
    ✓ 38363818-1739270093542-7154f374420cb-scaled.jpg (ok)
    ✗ lazy_placeholder.gif (tiny)
    ✓ 1.gif (ok)
    ✓ 2.gif (ok)
    ✓ 3.gif (ok)
  inserted 7 image refs
[91/109] rae-morris-interview
  found 10 images
    ✓ rae-header-b.jpg (ok)
    ✓ rae-10.jpg (ok)
    ✓ rae-2.jpg (ok)
    ✓ rae-3a.jpg (ok)
    ✓ rae-header-a.jpg (ok)
    ✓ rae-6.jpg (ok)
    ✓ rae-4.jpeg (ok)
    ✓ rae-11.jpg (ok)
    ✓ rae-7b.jpg (ok)
    ✓ rae-14.jpeg (ok)
  inserted 10 image refs
[92/109] who-jocelyn-petroni-beauty-therapist
  found 10 images
    ✓ joss-14b.jpg (ok)
    ✓ joss-5.jpg (ok)
    ✓ joss-14a.jpg (ok)
    ✓ joss-13b.jpg (ok)
    ✓ joss-7.jpg (ok)
    ✓ joss-3.jpg (ok)
    ✓ joss-0.jpg (ok)
    ✓ joss-6.jpg (ok)
    ✓ joss-0-1.jpg (ok)
    ✓ joss-1a.jpg (ok)
  inserted 10 image refs
[93/109] stephanie-davies-founder-la-boheme-lifestyle
  found 10 images
    ✓ website-feature-images-2.png (ok)
    ✓ 02_20037-copy-scaled.jpg (ok)
    ✓ 05_00802-copy-scaled.jpg (ok)
    ✓ 02_20079-copy-scaled.jpg (ok)
    ✓ 01_00024-copy-scaled.jpg (ok)
    ✓ 03_00494-copy-scaled.jpg (ok)
    ✓ 04_00616-copy-scaled.jpg (ok)
    ✓ 01_00020-copy-scaled.jpg (ok)
    ✓ 06_00905-copy-scaled.jpg (ok)
    ✓ 05_00694-copy-scaled.jpg (ok)
  inserted 10 image refs
[94/109] wintana-kidane-and-rahel-ephrem-are-celebrating-wearing-their-hair-how-they-want
  found 10 images
    ✓ bittersweet-12.jpg (ok)
    ✓ bittersweet-1.jpg (ok)
    ✓ bittersweet-2.jpg (ok)
    ✓ bittersweet-11.jpg (ok)
    ✓ bittersweet-10.jpg (ok)
    ✓ bittersweet-holding.jpg (ok)
    ✓ bittersweet-0.jpg (ok)
    ✓ bittersweet-3.jpg (ok)
    ✓ bittersweet-4.jpg (ok)
    ✓ bittersweet-5.jpg (ok)
  inserted 10 image refs
[95/109] sacred-six-on-on-stress-sanity-and-sacred-rituals
  found 9 images
    ✓ 38363818-1739270093542-7154f374420cb-scaled.jpg (ok)
    ✓ 1.jpg (ok)
    ✓ 2026-website-feature-images-2.png (ok)
    ✓ 2026-website-feature-images-7.jpg (ok)
    ✗ 2026-website-feature-images-2.gif (tiny)
    ✗ lazy_placeholder.gif (tiny)
    ✓ 1.gif (ok)
    ✓ 2.gif (ok)
    ✓ 3.gif (ok)
  inserted 7 image refs
[96/109] dr-sarah-jane-on-trauma-transformation-and-trusting-the-body
  found 9 images
    ✓ 1.jpg (ok)
    ✓ 38363818-1739270093542-7154f374420cb-scaled.jpg (ok)
    ✓ 2026-website-feature-images-2.png (ok)
    ✓ 2026-website-feature-images-7.jpg (ok)
    ✗ 2026-website-feature-images-2.gif (tiny)
    ✗ lazy_placeholder.gif (tiny)
    ✓ 1.gif (ok)
    ✓ 2.gif (ok)
    ✓ 3.gif (ok)
  inserted 7 image refs
[97/109] alexa-roetger-on-skin-self-worth-and-starting-over
  found 9 images
    ✓ 2026-website-feature-images-7.jpg (ok)
    ✓ 38363818-1739270093542-7154f374420cb-scaled.jpg (ok)
    ✓ 1.jpg (ok)
    ✓ 2026-website-feature-images-2.png (ok)
    ✗ 2026-website-feature-images-2.gif (tiny)
    ✗ lazy_placeholder.gif (tiny)
    ✓ 1.gif (ok)
    ✓ 2.gif (ok)
    ✓ 3.gif (ok)
  inserted 7 image refs
[98/109] sacred-six-on-escape-intention-and-the-spas-that-shape-us
  found 8 images
    ✓ 38363818-1739270093542-7154f374420cb-scaled.jpg (ok)
    ✓ 1.jpg (ok)
    ✓ 2026-website-feature-images-2.png (ok)
    ✓ 2026-website-feature-images-7.jpg (ok)
    ✗ lazy_placeholder.gif (tiny)
    ✓ 1.gif (ok)
    ✓ 2.gif (ok)
    ✓ 3.gif (ok)
  inserted 7 image refs
[99/109] guy-sebastian-on-identity-inner-circles-and-rebuilding-self-worth
  found 8 images
    ✓ 38363818-1739270093542-7154f374420cb-scaled.jpg (ok)
    ✓ 1.jpg (ok)
    ✓ 2026-website-feature-images-2.png (ok)
    ✓ 2026-website-feature-images-7.jpg (ok)
    ✗ lazy_placeholder.gif (tiny)
    ✓ 1.gif (ok)
    ✓ 2.gif (ok)
    ✓ 3.gif (ok)
  inserted 7 image refs
[100/109] tanya-ali-jalani-on-awakening-mental-health-and-the-human-side-of-healing
  found 8 images
    ✓ 38363818-1739270093542-7154f374420cb-scaled.jpg (ok)
    ✓ 1.jpg (ok)
    ✓ 2026-website-feature-images-2.png (ok)
    ✓ 2026-website-feature-images-7.jpg (ok)
    ✗ lazy_placeholder.gif (tiny)
    ✓ 1.gif (ok)
    ✓ 2.gif (ok)
    ✓ 3.gif (ok)
  inserted 7 image refs
[101/109] david-the-medium-on-intuition-healing-and-life-after-death
  found 9 images
    ✓ 38363818-1763702887072-b3783950ccb75-scaled.jpg (ok)
    ✓ 38363818-1739270093542-7154f374420cb-scaled.jpg (ok)
    ✓ 1.jpg (ok)
    ✓ 2026-website-feature-images-2.png (ok)
    ✓ 2026-website-feature-images-7.jpg (ok)
    ✗ lazy_placeholder.gif (tiny)
    ✓ 1.gif (ok)
    ✓ 2.gif (ok)
    ✓ 3.gif (ok)
  inserted 8 image refs
[102/109] olivia-arezzolo-interview
  found 9 images
    ✓ copy-of-website-feature-images-15.png (ok)
    ✓ 38363818-1739270093542-7154f374420cb-scaled.jpg (ok)
    ✓ 1.jpg (ok)
    ✓ 2026-website-feature-images-2.png (ok)
    ✓ 2026-website-feature-images-7.jpg (ok)
    ✗ lazy_placeholder.gif (tiny)
    ✓ 1.gif (ok)
    ✓ 2.gif (ok)
    ✓ 3.gif (ok)
  inserted 8 image refs
[103/109] mukti-organics-founder-on-trauma-truth-and-building-a-beauty-brand-with-purpose
  found 9 images
    ✓ 2026-website-feature-images-6.jpg (ok)
    ✓ 38363818-1739270093542-7154f374420cb-scaled.jpg (ok)
    ✓ 1.jpg (ok)
    ✓ 2026-website-feature-images-2.png (ok)
    ✓ 2026-website-feature-images-7.jpg (ok)
    ✗ lazy_placeholder.gif (tiny)
    ✓ 1.gif (ok)
    ✓ 2.gif (ok)
    ✓ 3.gif (ok)
  inserted 8 image refs
[104/109] gabby-bernstein-on-manifesting-with-compassion-healing-shame-living-the-dream-3
  found 8 images
    ✓ 38363818-1739270093542-7154f374420cb-scaled.jpg (ok)
    ✓ 1.jpg (ok)
    ✓ 2026-website-feature-images-2.png (ok)
    ✓ 2026-website-feature-images-7.jpg (ok)
    ✗ lazy_placeholder.gif (tiny)
    ✓ 1.gif (ok)
    ✓ 2.gif (ok)
    ✓ 3.gif (ok)
  inserted 7 image refs
[105/109] jane-wurwand-on-overcoming-adversity-finding-purpose-building-a-billion-dollar-brand
  found 8 images
    ✓ 38363818-1739270093542-7154f374420cb-scaled.jpg (ok)
    ✓ 1.jpg (ok)
    ✓ 2026-website-feature-images-2.png (ok)
    ✓ 2026-website-feature-images-7.jpg (ok)
    ✗ lazy_placeholder.gif (tiny)
    ✓ 1.gif (ok)
    ✓ 2.gif (ok)
    ✓ 3.gif (ok)
  inserted 7 image refs
[106/109] the-truth-about-alcohol-addiction-mental-health-davinia-taylor-speaks-out-2
  found 8 images
    ✓ 38363818-1739270093542-7154f374420cb-scaled.jpg (ok)
    ✓ 1.jpg (ok)
    ✓ 2026-website-feature-images-2.png (ok)
    ✓ 2026-website-feature-images-7.jpg (ok)
    ✗ lazy_placeholder.gif (tiny)
    ✓ 1.gif (ok)
    ✓ 2.gif (ok)
    ✓ 3.gif (ok)
  inserted 7 image refs
[107/109] the-truth-about-alcohol-addiction-mental-health-davinia-taylor-speaks-out
  found 8 images
    ✓ 38363818-1739270093542-7154f374420cb-scaled.jpg (ok)
    ✓ 1.jpg (ok)
    ✓ 2026-website-feature-images-2.png (ok)
    ✓ 2026-website-feature-images-7.jpg (ok)
    ✗ lazy_placeholder.gif (tiny)
    ✓ 1.gif (ok)
    ✓ 2.gif (ok)
    ✓ 3.gif (ok)
  inserted 7 image refs
[108/109] sacred-six-6-things-from-india-that-changed-my-life
  found 9 images
    ✓ 4.jpg (ok)
    ✓ 38363818-1739270093542-7154f374420cb-scaled.jpg (ok)
    ✓ 1.jpg (ok)
    ✓ 2026-website-feature-images-2.png (ok)
    ✓ 2026-website-feature-images-7.jpg (ok)
    ✗ lazy_placeholder.gif (tiny)
    ✓ 1.gif (ok)
    ✓ 2.gif (ok)
    ✓ 3.gif (ok)
  inserted 8 image refs
[109/109] journey-through-motherhood-mental-health-and-lifes-curveballs
  found 9 images
    ✓ amy-gerard-2.jpg (ok)
    ✓ 38363818-1739270093542-7154f374420cb-scaled.jpg (ok)
    ✓ 1.jpg (ok)
    ✓ 2026-website-feature-images-2.png (ok)
    ✓ 2026-website-feature-images-7.jpg (ok)
    ✗ lazy_placeholder.gif (tiny)
    ✓ 1.gif (ok)
    ✓ 2.gif (ok)
    ✓ 3.gif (ok)
  inserted 8 image refs

✅ Done
  Stories updated:   109
  No imgs on WP:     0
  Download failures: 0
  Missing list:      /tmp/sw-missing-images.json (0 articles)
